<?xml version="1.0" encoding="UTF-8"?>
<!-- Generated by org.testng.reporters.JUnitReportReporter -->
<testsuite hostname="LAPTOP-LNIA7MG2" failures="0" tests="1" name="testRunner.TestNgTestRunner" time="7.738" errors="0" timestamp="2024-09-16T10:11:10 IST" skipped="0">
  <testcase classname="testRunner.TestNgTestRunner" name="runScenario" time="7.738"/>
</testsuite> <!-- testRunner.TestNgTestRunner -->
